0 info it worked if it ends with ok
1 verbose cli [ '/usr/bin/nodejs', '/usr/bin/npm', 'docs', '.' ]
2 info using npm@3.10.10
3 info using node@v6.11.0
4 silly docs [ '.' ]
5 silly getDoc .
6 silly fetchPackageMetaData .
7 silly fetchOtherPackageData .
8 silly cache add args [ '.', null ]
9 verbose cache add spec .
10 silly cache add parsed spec Result {
10 silly cache add   raw: '.',
10 silly cache add   scope: null,
10 silly cache add   escapedName: null,
10 silly cache add   name: null,
10 silly cache add   rawSpec: '.',
10 silly cache add   spec: '/home/spiderman/work/mean',
10 silly cache add   type: 'local' }
11 error addLocal Could not install /home/spiderman/work/mean
12 silly fetchPackageMetaData Error: EISDIR: illegal operation on a directory, read
12 silly fetchPackageMetaData     at Error (native)
12 silly fetchPackageMetaData  error for . { Error: EISDIR: illegal operation on a directory, read
12 silly fetchPackageMetaData     at Error (native) errno: -21, code: 'EISDIR', syscall: 'read' }
13 verbose stack Error: EISDIR: illegal operation on a directory, read
13 verbose stack     at Error (native)
14 verbose cwd /home/spiderman/work/mean
15 error Linux 4.4.0-83-generic
16 error argv "/usr/bin/nodejs" "/usr/bin/npm" "docs" "."
17 error node v6.11.0
18 error npm  v3.10.10
19 error code EISDIR
20 error errno -21
21 error syscall read
22 error eisdir EISDIR: illegal operation on a directory, read
23 error eisdir This is most likely not a problem with npm itself
23 error eisdir and is related to npm not being able to find a package.json in
23 error eisdir a package you are trying to install.
24 verbose exit [ -21, true ]
